<?xml version="1.0" encoding="UTF-8"?>
<testsuite xmlns:xsi="http://www.w3.org/2001/XMLSchema-instance" xsi:noNamespaceSchemaLocation="https://maven.apache.org/surefire/maven-surefire-plugin/xsd/surefire-test-report.xsd" version="3.0.2" name="tn.esprit.spring.BackendPiApplicationTests" time="24.397" tests="1" errors="0" skipped="0" failures="0">
  <properties>
[...]
</properties>
  <testcase name="contextLoads" classname="tn.esprit.spring.BackendPiApplicationTests" time="2.396">
    <system-out><![CDATA[00:33:57.092 [main] INFO org.springframework.test.context.support.AnnotationConfigContextLoaderUtils -- Could not detect default configuration classes for test class [tn.esprit.spring.BackendPiApplicationTests]: BackendPiApplicationTests does not declare any static, non-private, non-final, nested classes annotated with @Configuration.
00:33:57.478 [main] INFO org.springframework.boot.test.context.SpringBootTestContextBootstrapper -- Found @SpringBootConfiguration tn.esprit.spring.BackendPiApplication for test class tn.esprit.spring.BackendPiApplicationTests

  .   ____          _            __ _ _
 /\\ / ___'_ __ _ _(_)_ __  __ _ \ \ \ \
( ( )\___ | '_ | '_| | '_ \/ _` | \ \ \ \
 \\/  ___)| |_)| | | | | || (_| |  ) ) ) )
  '  |____| .__|_| |_|_| |_\__, | / / / /
 =========|_|==============|___/=/_/_/_/

 :: Spring Boot ::                (v3.4.3)

2025-03-19T00:34:00.276+01:00  INFO 16340 --- [BackendPI] [           main] t.e.spring.BackendPiApplicationTests     : Starting BackendPiApplicationTests using Java 17.0.8 with PID 16340 (started by hp in C:\Users\hp\Desktop\projet PI backend\BackendSpring-main\BackendSpring-main)
2025-03-19T00:34:00.294+01:00  INFO 16340 --- [BackendPI] [           main] t.e.spring.BackendPiApplicationTests     : No active profile set, falling back to 1 default profile: "default"
2025-03-19T00:34:04.404+01:00  INFO 16340 --- [BackendPI] [           main] .s.d.r.c.RepositoryConfigurationDelegate : Bootstrapping Spring Data JPA repositories in DEFAULT mode.
2025-03-19T00:34:04.775+01:00  INFO 16340 --- [BackendPI] [           main] .s.d.r.c.RepositoryConfigurationDelegate : Finished Spring Data repository scanning in 296 ms. Found 1 JPA repository interface.
2025-03-19T00:34:07.248+01:00  INFO 16340 --- [BackendPI] [           main] o.hibernate.jpa.internal.util.LogHelper  : HHH000204: Processing PersistenceUnitInfo [name: default]
2025-03-19T00:34:07.774+01:00  INFO 16340 --- [BackendPI] [           main] org.hibernate.Version                    : HHH000412: Hibernate ORM core version 6.6.8.Final
2025-03-19T00:34:07.978+01:00  INFO 16340 --- [BackendPI] [           main] o.h.c.internal.RegionFactoryInitiator    : HHH000026: Second-level cache disabled
2025-03-19T00:34:09.576+01:00  INFO 16340 --- [BackendPI] [           main] o.s.o.j.p.SpringPersistenceUnitInfo      : No LoadTimeWeaver setup: ignoring JPA class transformer
2025-03-19T00:34:09.685+01:00  INFO 16340 --- [BackendPI] [           main] com.zaxxer.hikari.HikariDataSource       : HikariPool-1 - Starting...
2025-03-19T00:34:10.554+01:00  INFO 16340 --- [BackendPI] [           main] com.zaxxer.hikari.pool.HikariPool        : HikariPool-1 - Added connection com.mysql.cj.jdbc.ConnectionImpl@284d4885
2025-03-19T00:34:10.563+01:00  INFO 16340 --- [BackendPI] [           main] com.zaxxer.hikari.HikariDataSource       : HikariPool-1 - Start completed.
2025-03-19T00:34:10.856+01:00  WARN 16340 --- [BackendPI] [           main] org.hibernate.dialect.Dialect            : HHH000511: The 5.5.5 version for [org.hibernate.dialect.MySQLDialect] is no longer supported, hence certain features may not work properly. The minimum supported version is 8.0.0. Check the community dialects project for available legacy versions.
2025-03-19T00:34:10.977+01:00  INFO 16340 --- [BackendPI] [           main] org.hibernate.orm.connections.pooling    : HHH10001005: Database info:
	Database JDBC URL [Connecting through datasource 'HikariDataSource (HikariPool-1)']
	Database driver: undefined/unknown
	Database version: 5.5.5
	Autocommit mode: undefined/unknown
	Isolation level: undefined/unknown
	Minimum pool size: undefined/unknown
	Maximum pool size: undefined/unknown
2025-03-19T00:34:14.858+01:00  INFO 16340 --- [BackendPI] [           main] o.h.e.t.j.p.i.JtaPlatformInitiator       : HHH000489: No JTA platform available (set 'hibernate.transaction.jta.platform' to enable JTA platform integration)
2025-03-19T00:34:15.277+01:00  INFO 16340 --- [BackendPI] [           main] j.LocalContainerEntityManagerFactoryBean : Initialized JPA EntityManagerFactory for persistence unit 'default'
2025-03-19T00:34:17.194+01:00  WARN 16340 --- [BackendPI] [           main] JpaBaseConfiguration$JpaWebConfiguration : spring.jpa.open-in-view is enabled by default. Therefore, database queries may be performed during view rendering. Explicitly configure spring.jpa.open-in-view to disable this warning
2025-03-19T00:34:17.329+01:00  INFO 16340 --- [BackendPI] [           main] o.s.v.b.OptionalValidatorFactoryBean     : Failed to set up a Bean Validation provider: jakarta.validation.NoProviderFoundException: Unable to create a Configuration, because no Jakarta Bean Validation provider could be found. Add a provider like Hibernate Validator (RI) to your classpath.
2025-03-19T00:34:18.429+01:00  INFO 16340 --- [BackendPI] [           main] t.e.spring.BackendPiApplicationTests     : Started BackendPiApplicationTests in 19.989 seconds (process running for 23.958)
]]></system-out>
  </testcase>
</testsuite>